<?xml version="1.0" encoding="UTF-8"?>
<testng-results ignored="0" total="5" passed="5" failed="0" skipped="0">
  <reporter-output>
  </reporter-output>
  <suite started-at="2023-08-11T10:55:41 IST" name="OpencartSuite" finished-at="2023-08-11T10:56:39 IST" duration-ms="57893">
    <groups>
    </groups>
    <test started-at="2023-08-11T10:55:41 IST" name="openCartTest" finished-at="2023-08-11T10:56:39 IST" duration-ms="57893">
      <class name="testCases.TC_003_LoginDDT">
        <test-method is-config="true" signature="setup(java.lang.String)[pri:0, instance:testCases.TC_003_LoginDDT@413d1baf]" started-at="2023-08-11T10:55:41 IST" name="setup" finished-at="2023-08-11T10:55:53 IST" duration-ms="11321" status="PASS">
          <params>
            <param index="0">
              <value>
                <![CDATA[chrome]]>
              </value>
            </param>
          </params>
          <reporter-output>
          </reporter-output>
        </test-method> <!-- setup -->
        <test-method signature="test_LoginDDT(java.lang.String,java.lang.String,java.lang.String)[pri:0, instance:testCases.TC_003_LoginDDT@413d1baf]" started-at="2023-08-11T10:55:55 IST" name="test_LoginDDT" data-provider="LoginData" finished-at="2023-08-11T10:55:58 IST" duration-ms="2717" status="PASS">
          <params>
            <param index="0">
              <value>
                <![CDATA[rajibulislam346@gmail.com]]>
              </value>
            </param>
            <param index="1">
              <value>
                <![CDATA[1234]]>
              </value>
            </param>
            <param index="2">
              <value>
                <![CDATA[valid]]>
              </value>
            </param>
          </params>
          <reporter-output>
          </reporter-output>
        </test-method> <!-- test_LoginDDT -->
        <test-method signature="test_LoginDDT(java.lang.String,java.lang.String,java.lang.String)[pri:0, instance:testCases.TC_003_LoginDDT@413d1baf]" started-at="2023-08-11T10:55:58 IST" name="test_LoginDDT" data-provider="LoginData" finished-at="2023-08-11T10:56:13 IST" duration-ms="14978" status="PASS">
          <params>
            <param index="0">
              <value>
                <![CDATA[lakshmi@yahoo.com]]>
              </value>
            </param>
            <param index="1">
              <value>
                <![CDATA[Laxmi]]>
              </value>
            </param>
            <param index="2">
              <value>
                <![CDATA[Invalid]]>
              </value>
            </param>
          </params>
          <reporter-output>
          </reporter-output>
        </test-method> <!-- test_LoginDDT -->
        <test-method signature="test_LoginDDT(java.lang.String,java.lang.String,java.lang.String)[pri:0, instance:testCases.TC_003_LoginDDT@413d1baf]" started-at="2023-08-11T10:56:13 IST" name="test_LoginDDT" data-provider="LoginData" finished-at="2023-08-11T10:56:25 IST" duration-ms="11916" status="PASS">
          <params>
            <param index="0">
              <value>
                <![CDATA[laksh@yahoo.com]]>
              </value>
            </param>
            <param index="1">
              <value>
                <![CDATA[Lakshmi]]>
              </value>
            </param>
            <param index="2">
              <value>
                <![CDATA[Invalid]]>
              </value>
            </param>
          </params>
          <reporter-output>
          </reporter-output>
        </test-method> <!-- test_LoginDDT -->
        <test-method signature="test_LoginDDT(java.lang.String,java.lang.String,java.lang.String)[pri:0, instance:testCases.TC_003_LoginDDT@413d1baf]" started-at="2023-08-11T10:56:25 IST" name="test_LoginDDT" data-provider="LoginData" finished-at="2023-08-11T10:56:36 IST" duration-ms="11298" status="PASS">
          <params>
            <param index="0">
              <value>
                <![CDATA[laks@yahoo.com]]>
              </value>
            </param>
            <param index="1">
              <value>
                <![CDATA[xyz]]>
              </value>
            </param>
            <param index="2">
              <value>
                <![CDATA[Invalid]]>
              </value>
            </param>
          </params>
          <reporter-output>
          </reporter-output>
        </test-method> <!-- test_LoginDDT -->
        <test-method signature="test_LoginDDT(java.lang.String,java.lang.String,java.lang.String)[pri:0, instance:testCases.TC_003_LoginDDT@413d1baf]" started-at="2023-08-11T10:56:36 IST" name="test_LoginDDT" data-provider="LoginData" finished-at="2023-08-11T10:56:38 IST" duration-ms="1820" status="PASS">
          <params>
            <param index="0">
              <value>
                <![CDATA[immanzaman69@gmail.com]]>
              </value>
            </param>
            <param index="1">
              <value>
                <![CDATA[6969]]>
              </value>
            </param>
            <param index="2">
              <value>
                <![CDATA[Valid]]>
              </value>
            </param>
          </params>
          <reporter-output>
          </reporter-output>
        </test-method> <!-- test_LoginDDT -->
        <test-method is-config="true" signature="tearDown()[pri:0, instance:testCases.TC_003_LoginDDT@413d1baf]" started-at="2023-08-11T10:56:38 IST" name="tearDown" finished-at="2023-08-11T10:56:39 IST" duration-ms="443" status="PASS">
          <reporter-output>
          </reporter-output>
        </test-method> <!-- tearDown -->
      </class> <!-- testCases.TC_003_LoginDDT -->
    </test> <!-- openCartTest -->
  </suite> <!-- OpencartSuite -->
</testng-results>
